<?xml version="1.0" encoding="UTF-8"?>
<testng-results ignored="1" total="2" passed="1" failed="0" skipped="0">
  <reporter-output>
  </reporter-output>
  <suite started-at="2021-10-21T18:45:30 IST" name="Default suite" finished-at="2021-10-21T18:45:37 IST" duration-ms="6500">
    <groups>
    </groups>
    <test started-at="2021-10-21T18:45:30 IST" name="Default test" finished-at="2021-10-21T18:45:37 IST" duration-ms="6500">
      <class name="tests.TestExample">
        <test-method signature="test_respbody()[pri:0, instance:tests.TestExample@67080771]" started-at="2021-10-21T18:45:30 IST" name="test_respbody" finished-at="2021-10-21T18:45:37 IST" duration-ms="6431" status="PASS">
          <reporter-output>
          </reporter-output>
        </test-method> <!-- test_respbody -->
      </class> <!-- tests.TestExample -->
    </test> <!-- Default test -->
  </suite> <!-- Default suite -->
</testng-results>
